<?xml version="1.0" encoding="UTF-8"?>
<!-- Generated by org.testng.reporters.JUnitReportReporter -->
<testsuite hostname="Abhijith" failures="0" tests="3" name="testng.TestScript" time="8.958" errors="0" timestamp="2024-07-24T15:39:37 IST" skipped="0">
  <testcase classname="testng.TestScript" name="clickOnBooks" time="2.824">
    <system-out>
      <![CDATA[Books page is displayed]]>
    </system-out>
  </testcase> <!-- clickOnBooks -->
  <testcase classname="testng.TestScript" name="clickOnBooks" time="3.147">
    <system-out>
      <![CDATA[Books page is displayed]]>
    </system-out>
  </testcase> <!-- clickOnBooks -->
  <testcase classname="testng.TestScript" name="clickOnBooks" time="2.987">
    <system-out>
      <![CDATA[Books page is displayed]]>
    </system-out>
  </testcase> <!-- clickOnBooks -->
  <system-out>
    <![CDATA[Books page is displayed
Books page is displayed
Books page is displayed]]>
  </system-out>
</testsuite> <!-- testng.TestScript -->
