<?xml version="1.0" encoding="UTF-8"?>
<!-- Generated by org.testng.reporters.JUnitReportReporter -->
<testsuite hostname="Abhijith" failures="0" tests="3" name="crossbrowser.CrossBrowserTesting" time="26.438" errors="0" timestamp="2024-07-24T12:27:41 IST" skipped="0">
  <testcase classname="crossbrowser.CrossBrowserTesting" name="launch" time="9.647"/>
  <testcase classname="crossbrowser.CrossBrowserTesting" name="launch" time="8.661"/>
  <testcase classname="crossbrowser.CrossBrowserTesting" name="launch" time="8.130"/>
</testsuite> <!-- crossbrowser.CrossBrowserTesting -->
