<?xml version="1.0" encoding="UTF-8"?>
<!-- Generated by org.testng.reporters.JUnitReportReporter -->
<testsuite hostname="Abhijith" failures="0" tests="5" name="testng.AnnotationAttributes" time="20.604" errors="0" timestamp="2024-07-19T11:35:19 IST" skipped="1">
  <testcase classname="testng.AnnotationAttributes" name="login" time="5.161">
    <system-out>
      <![CDATA[user logged in successfully]]>
    </system-out>
  </testcase> <!-- login -->
  <testcase classname="testng.AnnotationAttributes" name="login" time="5.207">
    <system-out>
      <![CDATA[user logged in successfully]]>
    </system-out>
  </testcase> <!-- login -->
  <testcase classname="testng.AnnotationAttributes" name="login" time="5.149">
    <system-out>
      <![CDATA[user logged in successfully]]>
    </system-out>
  </testcase> <!-- login -->
  <testcase classname="testng.AnnotationAttributes" name="login" time="5.087">
    <system-out>
      <![CDATA[user logged in successfully]]>
    </system-out>
  </testcase> <!-- login -->
  <testcase classname="testng.AnnotationAttributes" name="register">
    <skipped/>
  </testcase> <!-- register -->
  <system-out>
    <![CDATA[user logged in successfully
user logged in successfully
user logged in successfully
user logged in successfully]]>
  </system-out>
</testsuite> <!-- testng.AnnotationAttributes -->
