<?xml version="1.0" encoding="UTF-8"?>
<!-- Generated by org.testng.reporters.JUnitReportReporter -->
<testsuite hostname="Abhijith" failures="0" tests="1" name="cars.TataMotors" time="38.823" errors="0" timestamp="2024-07-20T11:46:07 IST" skipped="0">
  <testcase classname="cars.TataMotors" name="launchTataMotors" time="38.823">
    <system-out>
      <![CDATA[TataMotors launched successfully]]>
    </system-out>
  </testcase> <!-- launchTataMotors -->
  <system-out>
    <![CDATA[TataMotors launched successfully
RollsRoyce launched successfully
MiniCooper launched successfully]]>
  </system-out>
</testsuite> <!-- cars.TataMotors -->
