<?xml version="1.0" encoding="UTF-8"?>
<!-- Generated by org.testng.reporters.JUnitReportReporter -->
<testsuite hostname="Abhijith" failures="0" tests="1" name="assertion.ToLearnAssertion" time="5.319" errors="0" timestamp="2024-07-23T12:09:41 IST" skipped="0">
  <testcase classname="assertion.ToLearnAssertion" name="login" time="5.319">
    <system-out>
      <![CDATA[Login page is displayed
Home page is not displayed]]>
    </system-out>
  </testcase> <!-- login -->
  <system-out>
    <![CDATA[Login page is displayed
Home page is not displayed]]>
  </system-out>
</testsuite> <!-- assertion.ToLearnAssertion -->
