<?xml version="1.0" encoding="UTF-8"?>
<!-- Generated by org.testng.reporters.JUnitReportReporter -->
<testsuite hostname="Abhijith" failures="0" tests="1" name="cars.MiniCooper" time="5.597" errors="0" timestamp="2024-07-20T11:46:07 IST" skipped="0">
  <testcase classname="cars.MiniCooper" name="launchMiniCooper" time="5.597">
    <system-out>
      <![CDATA[MiniCooper launched successfully]]>
    </system-out>
  </testcase> <!-- launchMiniCooper -->
  <system-out>
    <![CDATA[TataMotors launched successfully
RollsRoyce launched successfully
MiniCooper launched successfully]]>
  </system-out>
</testsuite> <!-- cars.MiniCooper -->
