<?xml version="1.0" encoding="UTF-8"?>
<!-- Generated by org.testng.reporters.JUnitReportReporter -->
<testsuite hostname="Abhijith" failures="0" tests="3" name="dataprovider.ToLearnDataProvider" time="7.039" errors="0" timestamp="2024-07-23T11:47:35 IST" skipped="0">
  <testcase classname="dataprovider.ToLearnDataProvider" name="login" time="2.046"/>
  <testcase classname="dataprovider.ToLearnDataProvider" name="login" time="2.182"/>
  <testcase classname="dataprovider.ToLearnDataProvider" name="login" time="2.811"/>
</testsuite> <!-- dataprovider.ToLearnDataProvider -->
